# JRE version: Java(TM) SE Runtime Environment (18.0+36) (build 18+36-2087)
# Java VM: Java HotSpot(TM) 64-Bit Server VM (18+36-2087, mixed mode, sharing, tiered, compressed oops, compressed class ptrs, g1 gc, windows-amd64)
GC Precious Log:
 CardTable entry size: 512
 Card Set container configuration: InlinePtr #cards 4 size 8 Array Of Cards #cards 16 size 48 Howl #buckets 8 coarsen threshold 3686 Howl Bitmap #cards 512 size 80 coarsen threshold 460 Card regions per heap region 1 cards per card region 4096
 CPUs: 4 total, 4 available
 Memory: 12122M
 Large Page Support: Disabled
 NUMA Support: Disabled
 Compressed Oops: Enabled (Zero based)
 Heap Region Size: 2M
 Heap Min Capacity: 8M
 Heap Initial Capacity: 190M
 Heap Max Capacity: 3032M
 Pre-touch: Disabled
 Parallel Workers: 4
 Concurrent Workers: 1
 Concurrent Refinement Workers: 4
 Periodic GC: Disabled
Heap:
 garbage-first heap   total 69632K, used 40306K [0x0000000742800000, 0x0000000800000000)
  region size 2048K, 9 young (18432K), 0 survivors (0K)
 Metaspace       used 64651K, committed 65344K, reserved 1114112K
  class space    used 8698K, committed 9024K, reserved 1048576K
GC Heap History (20 events):
Event: 5.972 GC heap before
{Heap before GC invocations=7 (full 0):
 garbage-first heap   total 55296K, used 34323K [0x0000000742800000, 0x0000000800000000)
  region size 2048K, 10 young (20480K), 1 survivors (2048K)
 Metaspace       used 29408K, committed 29888K, reserved 1114112K
  class space    used 3673K, committed 3904K, reserved 1048576K
}
Event: 5.975 GC heap after
{Heap after GC invocations=8 (full 0):
 garbage-first heap   total 55296K, used 16832K [0x0000000742800000, 0x0000000800000000)
  region size 2048K, 1 young (2048K), 1 survivors (2048K)
 Metaspace       used 29408K, committed 29888K, reserved 1114112K
  class space    used 3673K, committed 3904K, reserved 1048576K
}
Event: 6.465 GC heap before
{Heap before GC invocations=8 (full 0):
 garbage-first heap   total 55296K, used 33216K [0x0000000742800000, 0x0000000800000000)
  region size 2048K, 11 young (22528K), 1 survivors (2048K)
 Metaspace       used 35526K, committed 35968K, reserved 1114112K
  class space    used 4512K, committed 4736K, reserved 1048576K
}
Event: 6.469 GC heap after
{Heap after GC invocations=9 (full 0):
 garbage-first heap   total 55296K, used 18242K [0x0000000742800000, 0x0000000800000000)
  region size 2048K, 2 young (4096K), 2 survivors (4096K)
 Metaspace       used 35526K, committed 35968K, reserved 1114112K
  class space    used 4512K, committed 4736K, reserved 1048576K
}
Event: 7.191 GC heap before
{Heap before GC invocations=10 (full 0):
 garbage-first heap   total 55296K, used 38722K [0x0000000742800000, 0x0000000800000000)
  region size 2048K, 12 young (24576K), 2 survivors (4096K)
 Metaspace       used 42675K, committed 43136K, reserved 1114112K
  class space    used 5422K, committed 5632K, reserved 1048576K
}
Event: 7.197 GC heap after
{Heap after GC invocations=11 (full 0):
 garbage-first heap   total 55296K, used 20006K [0x0000000742800000, 0x0000000800000000)
  region size 2048K, 2 young (4096K), 2 survivors (4096K)
 Metaspace       used 42675K, committed 43136K, reserved 1114112K
  class space    used 5422K, committed 5632K, reserved 1048576K
}
Event: 7.717 GC heap before
{Heap before GC invocations=11 (full 0):
 garbage-first heap   total 55296K, used 38438K [0x0000000742800000, 0x0000000800000000)
  region size 2048K, 11 young (22528K), 2 survivors (4096K)
 Metaspace       used 47526K, committed 48064K, reserved 1114112K
  class space    used 6102K, committed 6400K, reserved 1048576K
}
Event: 7.723 GC heap after
{Heap after GC invocations=12 (full 0):
 garbage-first heap   total 55296K, used 21318K [0x0000000742800000, 0x0000000800000000)
  region size 2048K, 2 young (4096K), 2 survivors (4096K)
 Metaspace       used 47526K, committed 48064K, reserved 1114112K
  class space    used 6102K, committed 6400K, reserved 1048576K
}
Event: 8.179 GC heap before
{Heap before GC invocations=12 (full 0):
 garbage-first heap   total 55296K, used 39750K [0x0000000742800000, 0x0000000800000000)
  region size 2048K, 11 young (22528K), 2 survivors (4096K)
 Metaspace       used 51765K, committed 52352K, reserved 1114112K
  class space    used 6799K, committed 7104K, reserved 1048576K
}
Event: 8.184 GC heap after
{Heap after GC invocations=13 (full 0):
 garbage-first heap   total 55296K, used 22000K [0x0000000742800000, 0x0000000800000000)
  region size 2048K, 1 young (2048K), 1 survivors (2048K)
 Metaspace       used 51765K, committed 52352K, reserved 1114112K
  class space    used 6799K, committed 7104K, reserved 1048576K
}
Event: 8.727 GC heap before
{Heap before GC invocations=13 (full 0):
 garbage-first heap   total 55296K, used 42480K [0x0000000742800000, 0x0000000800000000)
  region size 2048K, 11 young (22528K), 1 survivors (2048K)
 Metaspace       used 55874K, committed 56512K, reserved 1114112K
  class space    used 7336K, committed 7616K, reserved 1048576K
}
Event: 8.732 GC heap after
{Heap after GC invocations=14 (full 0):
 garbage-first heap   total 55296K, used 23497K [0x0000000742800000, 0x0000000800000000)
  region size 2048K, 2 young (4096K), 2 survivors (4096K)
 Metaspace       used 55874K, committed 56512K, reserved 1114112K
  class space    used 7336K, committed 7616K, reserved 1048576K
}
Event: 9.071 GC heap before
{Heap before GC invocations=14 (full 0):
 garbage-first heap   total 55296K, used 41929K [0x0000000742800000, 0x0000000800000000)
  region size 2048K, 11 young (22528K), 2 survivors (4096K)
 Metaspace       used 59345K, committed 59968K, reserved 1114112K
  class space    used 7885K, committed 8192K, reserved 1048576K
}
Event: 9.077 GC heap after
{Heap after GC invocations=15 (full 0):
 garbage-first heap   total 55296K, used 24778K [0x0000000742800000, 0x0000000800000000)
  region size 2048K, 2 young (4096K), 2 survivors (4096K)
 Metaspace       used 59345K, committed 59968K, reserved 1114112K
  class space    used 7885K, committed 8192K, reserved 1048576K
}
Event: 9.264 GC heap before
{Heap before GC invocations=15 (full 0):
 garbage-first heap   total 55296K, used 37066K [0x0000000742800000, 0x0000000800000000)
  region size 2048K, 9 young (18432K), 2 survivors (4096K)
 Metaspace       used 60278K, committed 60800K, reserved 1114112K
  class space    used 8056K, committed 8320K, reserved 1048576K
}
Event: 9.270 GC heap after
{Heap after GC invocations=16 (full 0):
 garbage-first heap   total 69632K, used 25282K [0x0000000742800000, 0x0000000800000000)
  region size 2048K, 1 young (2048K), 1 survivors (2048K)
 Metaspace       used 60278K, committed 60800K, reserved 1114112K
  class space    used 8056K, committed 8320K, reserved 1048576K
}
Event: 10.067 GC heap before
{Heap before GC invocations=17 (full 0):
 garbage-first heap   total 69632K, used 53954K [0x0000000742800000, 0x0000000800000000)
  region size 2048K, 15 young (30720K), 1 survivors (2048K)
 Metaspace       used 62920K, committed 63552K, reserved 1114112K
  class space    used 8484K, committed 8768K, reserved 1048576K
}
Event: 10.073 GC heap after
{Heap after GC invocations=18 (full 0):
 garbage-first heap   total 69632K, used 27330K [0x0000000742800000, 0x0000000800000000)
  region size 2048K, 2 young (4096K), 2 survivors (4096K)
 Metaspace       used 62920K, committed 63552K, reserved 1114112K
  class space    used 8484K, committed 8768K, reserved 1048576K
}
Event: 51.908 GC heap before
{Heap before GC invocations=18 (full 0):
 garbage-first heap   total 69632K, used 43714K [0x0000000742800000, 0x0000000800000000)
  region size 2048K, 11 young (22528K), 2 survivors (4096K)
 Metaspace       used 64481K, committed 65152K, reserved 1114112K
  class space    used 8692K, committed 9024K, reserved 1048576K
}
Event: 51.980 GC heap after
{Heap after GC invocations=19 (full 1):
 garbage-first heap   total 69632K, used 23922K [0x0000000742800000, 0x0000000800000000)
  region size 2048K, 0 young (0K), 0 survivors (0K)
 Metaspace       used 64478K, committed 65152K, reserved 1114112K
  class space    used 8692K, committed 9024K, reserved 1048576K
}

